<?xml version="1.0" encoding="UTF-8"?>
<!-- Generated by org.testng.reporters.JUnitXMLReporter -->
<testsuite ignored="0" hostname="LAPTOP-VLFG77PT" failures="0" tests="3" name="Create Task" time="5.527" errors="0" timestamp="2024-07-16T15:38:31 COT">
  <testcase classname="com.castor.crudtest.CreateTask" name="Create" time="0.806"/>
  <testcase classname="com.castor.crudtest.CreateTask" name="CreateWithoutMinimumCharacters" time="0.313"/>
  <testcase classname="com.castor.crudtest.CreateTask" name="CreateWithoutText" time="0.242"/>
</testsuite> <!-- Create Task -->
