<?xml version="1.0" encoding="UTF-8"?>
<!-- Generated by org.testng.reporters.JUnitXMLReporter -->
<testsuite ignored="0" hostname="LAPTOP-VLFG77PT" failures="0" tests="6" name="Default test" time="7.365" errors="0" timestamp="2024-07-16T14:25:16 COT">
  <testcase classname="com.castor.crudtest.CreateTask" name="Create" time="0.443"/>
  <testcase classname="com.castor.crudtest.CreateTask" name="CreateWithoutMinimumCharacters" time="0.25"/>
  <testcase classname="com.castor.crudtest.CreateTask" name="CreateWithoutText" time="0.165"/>
  <testcase classname="com.castor.crudtest.DeleteTask" name="Delete" time="0.25"/>
  <testcase classname="com.castor.crudtest.UpdateTask" name="Update" time="0.518"/>
  <testcase classname="com.castor.crudtest.UpdateTask" name="UpdateWithoutMinimumCharacters" time="0.367"/>
</testsuite> <!-- Default test -->
