<?xml version="1.0" encoding="UTF-8"?>
<testng-results ignored="0" total="6" passed="6" failed="0" skipped="0">
  <reporter-output>
  </reporter-output>
  <suite started-at="2024-07-16T15:38:26 COT" name="SuiteReportCRUD" finished-at="2024-07-16T15:38:37 COT" duration-ms="11361">
    <groups>
    </groups>
    <test started-at="2024-07-16T15:38:26 COT" name="Create Task" finished-at="2024-07-16T15:38:31 COT" duration-ms="5527">
      <class name="com.castor.crudtest.CreateTask">
        <test-method is-config="true" signature="beforeClass()[pri:0, instance:com.castor.crudtest.CreateTask@3cd3e762]" started-at="2024-07-16T15:38:26 COT" name="beforeClass" finished-at="2024-07-16T15:38:30 COT" duration-ms="3971" status="PASS">
          <reporter-output>
          </reporter-output>
        </test-method> <!-- beforeClass -->
        <test-method signature="Create()[pri:0, instance:com.castor.crudtest.CreateTask@3cd3e762]" started-at="2024-07-16T15:38:30 COT" name="Create" finished-at="2024-07-16T15:38:31 COT" duration-ms="806" status="PASS">
          <reporter-output>
          </reporter-output>
        </test-method> <!-- Create -->
        <test-method signature="CreateWithoutMinimumCharacters()[pri:0, instance:com.castor.crudtest.CreateTask@3cd3e762]" started-at="2024-07-16T15:38:31 COT" name="CreateWithoutMinimumCharacters" finished-at="2024-07-16T15:38:31 COT" duration-ms="313" status="PASS">
          <reporter-output>
          </reporter-output>
        </test-method> <!-- CreateWithoutMinimumCharacters -->
        <test-method signature="CreateWithoutText()[pri:0, instance:com.castor.crudtest.CreateTask@3cd3e762]" started-at="2024-07-16T15:38:31 COT" name="CreateWithoutText" finished-at="2024-07-16T15:38:31 COT" duration-ms="242" status="PASS">
          <reporter-output>
          </reporter-output>
        </test-method> <!-- CreateWithoutText -->
        <test-method is-config="true" signature="afterClass()[pri:0, instance:com.castor.crudtest.CreateTask@3cd3e762]" started-at="2024-07-16T15:38:31 COT" name="afterClass" finished-at="2024-07-16T15:38:31 COT" duration-ms="103" status="PASS">
          <reporter-output>
          </reporter-output>
        </test-method> <!-- afterClass -->
      </class> <!-- com.castor.crudtest.CreateTask -->
    </test> <!-- Create Task -->
    <test started-at="2024-07-16T15:38:32 COT" name="Update Task" finished-at="2024-07-16T15:38:35 COT" duration-ms="3119">
      <class name="com.castor.crudtest.UpdateTask">
        <test-method is-config="true" signature="beforeClass()[pri:0, instance:com.castor.crudtest.UpdateTask@6913c1fb]" started-at="2024-07-16T15:38:32 COT" name="beforeClass" finished-at="2024-07-16T15:38:33 COT" duration-ms="1686" status="PASS">
          <reporter-output>
          </reporter-output>
        </test-method> <!-- beforeClass -->
        <test-method signature="Update()[pri:0, instance:com.castor.crudtest.UpdateTask@6913c1fb]" started-at="2024-07-16T15:38:33 COT" name="Update" finished-at="2024-07-16T15:38:34 COT" duration-ms="747" status="PASS">
          <reporter-output>
          </reporter-output>
        </test-method> <!-- Update -->
        <test-method signature="UpdateWithoutMinimumCharacters()[pri:0, instance:com.castor.crudtest.UpdateTask@6913c1fb]" started-at="2024-07-16T15:38:34 COT" name="UpdateWithoutMinimumCharacters" finished-at="2024-07-16T15:38:34 COT" duration-ms="522" status="PASS">
          <reporter-output>
          </reporter-output>
        </test-method> <!-- UpdateWithoutMinimumCharacters -->
        <test-method is-config="true" signature="afterClass()[pri:0, instance:com.castor.crudtest.UpdateTask@6913c1fb]" started-at="2024-07-16T15:38:34 COT" name="afterClass" finished-at="2024-07-16T15:38:35 COT" duration-ms="152" status="PASS">
          <reporter-output>
          </reporter-output>
        </test-method> <!-- afterClass -->
      </class> <!-- com.castor.crudtest.UpdateTask -->
    </test> <!-- Update Task -->
    <test started-at="2024-07-16T15:38:35 COT" name="Delete Task" finished-at="2024-07-16T15:38:37 COT" duration-ms="2442">
      <class name="com.castor.crudtest.DeleteTask">
        <test-method is-config="true" signature="beforeClass()[pri:0, instance:com.castor.crudtest.DeleteTask@17f7cd29]" started-at="2024-07-16T15:38:35 COT" name="beforeClass" finished-at="2024-07-16T15:38:36 COT" duration-ms="1622" status="PASS">
          <reporter-output>
          </reporter-output>
        </test-method> <!-- beforeClass -->
        <test-method signature="Delete()[pri:0, instance:com.castor.crudtest.DeleteTask@17f7cd29]" started-at="2024-07-16T15:38:36 COT" name="Delete" finished-at="2024-07-16T15:38:37 COT" duration-ms="473" status="PASS">
          <reporter-output>
          </reporter-output>
        </test-method> <!-- Delete -->
        <test-method is-config="true" signature="afterClass()[pri:0, instance:com.castor.crudtest.DeleteTask@17f7cd29]" started-at="2024-07-16T15:38:37 COT" name="afterClass" finished-at="2024-07-16T15:38:37 COT" duration-ms="343" status="PASS">
          <reporter-output>
          </reporter-output>
        </test-method> <!-- afterClass -->
      </class> <!-- com.castor.crudtest.DeleteTask -->
    </test> <!-- Delete Task -->
  </suite> <!-- SuiteReportCRUD -->
</testng-results>
